time="2021-07-17 23:06:53" level=info Agent="ApiPOST Runtime +https://www.apipost.cn" DataSize=2440 HostName=DESKTOP-Q7TAATS IP="::1" Method=GET Path="/api/v1/users?pageSize=&pageNum=&username=" SpendTime="17 ms" status=200
time="2021-07-17 23:12:44" level=info Agent="Mozilla/5.0 (Windows NT 10.0; Win64; x64) AppleWebKit/537.36 (KHTML, like Gecko) Chrome/88.0.4324.150 Safari/537.36" DataSize=196 HostName=DESKTOP-Q7TAATS IP="::1" Method=POST Path=/api/v1/login SpendTime="121 ms" status=200
time="2021-07-17 23:12:46" level=info Agent="Mozilla/5.0 (Windows NT 10.0; Win64; x64) AppleWebKit/537.36 (KHTML, like Gecko) Chrome/88.0.4324.150 Safari/537.36" DataSize=2440 HostName=DESKTOP-Q7TAATS IP="::1" Method=GET Path="/api/v1/users?username=&pagesize=5&pagenum=1" SpendTime="1 ms" status=200
time="2021-07-17 23:12:48" level=info Agent="Mozilla/5.0 (Windows NT 10.0; Win64; x64) AppleWebKit/537.36 (KHTML, like Gecko) Chrome/88.0.4324.150 Safari/537.36" DataSize=167 HostName=DESKTOP-Q7TAATS IP="::1" Method=GET Path="/api/v1/category?pagesize=5&pagenum=1" SpendTime="3 ms" status=200
time="2021-07-17 23:13:43" level=info Agent="Mozilla/5.0 (Windows NT 10.0; Win64; x64) AppleWebKit/537.36 (KHTML, like Gecko) Chrome/88.0.4324.150 Safari/537.36" DataSize=2440 HostName=DESKTOP-Q7TAATS IP="::1" Method=GET Path="/api/v1/users?username=&pagesize=5&pagenum=1" SpendTime="8 ms" status=200
time="2021-07-17 23:16:43" level=info Agent="Mozilla/5.0 (Windows NT 10.0; Win64; x64) AppleWebKit/537.36 (KHTML, like Gecko) Chrome/88.0.4324.150 Safari/537.36" DataSize=323 HostName=DESKTOP-Q7TAATS IP="::1" Method=GET Path=/api/v1/profile/1 SpendTime="7 ms" status=200
time="2021-07-17 23:16:43" level=info Agent="Mozilla/5.0 (Windows NT 10.0; Win64; x64) AppleWebKit/537.36 (KHTML, like Gecko) Chrome/88.0.4324.150 Safari/537.36" DataSize=167 HostName=DESKTOP-Q7TAATS IP="::1" Method=GET Path=/api/v1/category SpendTime="12 ms" status=200
time="2021-07-17 23:16:43" level=info Agent="Mozilla/5.0 (Windows NT 10.0; Win64; x64) AppleWebKit/537.36 (KHTML, like Gecko) Chrome/88.0.4324.150 Safari/537.36" DataSize=17427 HostName=DESKTOP-Q7TAATS IP="::1" Method=GET Path="/api/v1/article?pagesize=5&pagenum=1" SpendTime="14 ms" status=200
time="2021-07-17 23:16:46" level=info Agent="Mozilla/5.0 (Windows NT 10.0; Win64; x64) AppleWebKit/537.36 (KHTML, like Gecko) Chrome/88.0.4324.150 Safari/537.36" DataSize=15484 HostName=DESKTOP-Q7TAATS IP="::1" Method=GET Path="/api/v1/article/catartlist/1?pagesize=5&pagenum=1" SpendTime="3 ms" status=200
time="2021-07-17 23:16:51" level=info Agent="Mozilla/5.0 (Windows NT 10.0; Win64; x64) AppleWebKit/537.36 (KHTML, like Gecko) Chrome/88.0.4324.150 Safari/537.36" DataSize=17427 HostName=DESKTOP-Q7TAATS IP="::1" Method=GET Path="/api/v1/article?pagesize=5&pagenum=1" SpendTime="4 ms" status=200
time="2021-07-17 23:16:52" level=info Agent="Mozilla/5.0 (Windows NT 10.0; Win64; x64) AppleWebKit/537.36 (KHTML, like Gecko) Chrome/88.0.4324.150 Safari/537.36" DataSize=1329 HostName=DESKTOP-Q7TAATS IP="::1" Method=GET Path="/api/v1/article/catartlist/6?pagesize=5&pagenum=1" SpendTime="3 ms" status=200
time="2021-07-17 23:16:53" level=info Agent="Mozilla/5.0 (Windows NT 10.0; Win64; x64) AppleWebKit/537.36 (KHTML, like Gecko) Chrome/88.0.4324.150 Safari/537.36" DataSize=17427 HostName=DESKTOP-Q7TAATS IP="::1" Method=GET Path="/api/v1/article?pagesize=5&pagenum=1" SpendTime="3 ms" status=200
time="2021-07-17 23:16:54" level=info Agent="Mozilla/5.0 (Windows NT 10.0; Win64; x64) AppleWebKit/537.36 (KHTML, like Gecko) Chrome/88.0.4324.150 Safari/537.36" DataSize=383 HostName=DESKTOP-Q7TAATS IP="::1" Method=GET Path="/api/v1/article/catartlist/7?pagesize=5&pagenum=1" SpendTime="5 ms" status=200
time="2021-07-17 23:16:54" level=info Agent="Mozilla/5.0 (Windows NT 10.0; Win64; x64) AppleWebKit/537.36 (KHTML, like Gecko) Chrome/88.0.4324.150 Safari/537.36" DataSize=17427 HostName=DESKTOP-Q7TAATS IP="::1" Method=GET Path="/api/v1/article?pagesize=5&pagenum=1" SpendTime="3 ms" status=200
time="2021-07-17 23:16:55" level=info Agent="Mozilla/5.0 (Windows NT 10.0; Win64; x64) AppleWebKit/537.36 (KHTML, like Gecko) Chrome/88.0.4324.150 Safari/537.36" DataSize=375 HostName=DESKTOP-Q7TAATS IP="::1" Method=GET Path="/api/v1/article/catartlist/9?pagesize=5&pagenum=1" SpendTime="2 ms" status=200
time="2021-07-17 23:16:56" level=info Agent="Mozilla/5.0 (Windows NT 10.0; Win64; x64) AppleWebKit/537.36 (KHTML, like Gecko) Chrome/88.0.4324.150 Safari/537.36" DataSize=17427 HostName=DESKTOP-Q7TAATS IP="::1" Method=GET Path="/api/v1/article?pagesize=5&pagenum=1" SpendTime="4 ms" status=200
time="2021-07-17 23:16:56" level=info Agent="Mozilla/5.0 (Windows NT 10.0; Win64; x64) AppleWebKit/537.36 (KHTML, like Gecko) Chrome/88.0.4324.150 Safari/537.36" DataSize=49 HostName=DESKTOP-Q7TAATS IP="::1" Method=GET Path="/api/v1/article/catartlist/10?pagesize=5&pagenum=1" SpendTime="2 ms" status=200
time="2021-07-17 23:16:58" level=info Agent="Mozilla/5.0 (Windows NT 10.0; Win64; x64) AppleWebKit/537.36 (KHTML, like Gecko) Chrome/88.0.4324.150 Safari/537.36" DataSize=17427 HostName=DESKTOP-Q7TAATS IP="::1" Method=GET Path="/api/v1/article?pagesize=5&pagenum=1" SpendTime="5 ms" status=200
time="2021-07-17 23:17:01" level=info Agent="Mozilla/5.0 (Windows NT 10.0; Win64; x64) AppleWebKit/537.36 (KHTML, like Gecko) Chrome/88.0.4324.150 Safari/537.36" DataSize=1636 HostName=DESKTOP-Q7TAATS IP="::1" Method=GET Path="/api/v1/article?pagesize=undefined&pagenum=undefined&title=%E6%96%B0" SpendTime="60 ms" status=200
time="2021-07-17 23:17:02" level=info Agent="Mozilla/5.0 (Windows NT 10.0; Win64; x64) AppleWebKit/537.36 (KHTML, like Gecko) Chrome/88.0.4324.150 Safari/537.36" DataSize=17427 HostName=DESKTOP-Q7TAATS IP="::1" Method=GET Path="/api/v1/article?pagesize=5&pagenum=1" SpendTime="3 ms" status=200
time="2021-07-17 23:17:07" level=info Agent="Mozilla/5.0 (Windows NT 10.0; Win64; x64) AppleWebKit/537.36 (KHTML, like Gecko) Chrome/88.0.4324.150 Safari/537.36" DataSize=15484 HostName=DESKTOP-Q7TAATS IP="::1" Method=GET Path="/api/v1/article/catartlist/1?pagesize=5&pagenum=1" SpendTime="9 ms" status=200
time="2021-07-17 23:17:08" level=info Agent="Mozilla/5.0 (Windows NT 10.0; Win64; x64) AppleWebKit/537.36 (KHTML, like Gecko) Chrome/88.0.4324.150 Safari/537.36" DataSize=17427 HostName=DESKTOP-Q7TAATS IP="::1" Method=GET Path="/api/v1/article?pagesize=5&pagenum=1" SpendTime="2 ms" status=200
time="2021-07-17 23:17:09" level=info Agent="Mozilla/5.0 (Windows NT 10.0; Win64; x64) AppleWebKit/537.36 (KHTML, like Gecko) Chrome/88.0.4324.150 Safari/537.36" DataSize=1329 HostName=DESKTOP-Q7TAATS IP="::1" Method=GET Path="/api/v1/article/catartlist/6?pagesize=5&pagenum=1" SpendTime="3 ms" status=200
time="2021-07-17 23:17:10" level=info Agent="Mozilla/5.0 (Windows NT 10.0; Win64; x64) AppleWebKit/537.36 (KHTML, like Gecko) Chrome/88.0.4324.150 Safari/537.36" DataSize=17427 HostName=DESKTOP-Q7TAATS IP="::1" Method=GET Path="/api/v1/article?pagesize=5&pagenum=1" SpendTime="4 ms" status=200
