time="2021-04-25 00:03:22" level=info Agent="Mozilla/5.0 (Windows NT 10.0; Win64; x64) AppleWebKit/537.36 (KHTML, like Gecko) Chrome/88.0.4324.150 Safari/537.36" DataSize=167 HostName=DESKTOP-Q7TAATS IP="::1" Method=GET Path=/api/v1/category SpendTime="6 ms" status=200
time="2021-04-25 00:03:22" level=info Agent="Mozilla/5.0 (Windows NT 10.0; Win64; x64) AppleWebKit/537.36 (KHTML, like Gecko) Chrome/88.0.4324.150 Safari/537.36" DataSize=348 HostName=DESKTOP-Q7TAATS IP="::1" Method=GET Path=/api/v1/profile/1 SpendTime="9 ms" status=200
time="2021-04-25 00:03:22" level=info Agent="Mozilla/5.0 (Windows NT 10.0; Win64; x64) AppleWebKit/537.36 (KHTML, like Gecko) Chrome/88.0.4324.150 Safari/537.36" DataSize=2090 HostName=DESKTOP-Q7TAATS IP="::1" Method=GET Path="/api/v1/article?pagesize=5&pagenum=1" SpendTime="8 ms" status=200
time="2021-04-25 00:03:24" level=info Agent="Mozilla/5.0 (Windows NT 10.0; Win64; x64) AppleWebKit/537.36 (KHTML, like Gecko) Chrome/88.0.4324.150 Safari/537.36" DataSize=651 HostName=DESKTOP-Q7TAATS IP="::1" Method=GET Path="/api/v1/article/catartlist/1?pagesize=5&pagenum=1" SpendTime="2 ms" status=200
time="2021-04-25 00:03:26" level=info Agent="Mozilla/5.0 (Windows NT 10.0; Win64; x64) AppleWebKit/537.36 (KHTML, like Gecko) Chrome/88.0.4324.150 Safari/537.36" DataSize=639 HostName=DESKTOP-Q7TAATS IP="::1" Method=GET Path=/api/v1/article/singleart/1 SpendTime="2 ms" status=200
time="2021-04-25 00:03:28" level=info Agent="Mozilla/5.0 (Windows NT 10.0; Win64; x64) AppleWebKit/537.36 (KHTML, like Gecko) Chrome/88.0.4324.150 Safari/537.36" DataSize=2090 HostName=DESKTOP-Q7TAATS IP="::1" Method=GET Path="/api/v1/article?pagesize=5&pagenum=1" SpendTime="3 ms" status=200
time="2021-04-25 00:03:30" level=info Agent="Mozilla/5.0 (Windows NT 10.0; Win64; x64) AppleWebKit/537.36 (KHTML, like Gecko) Chrome/88.0.4324.150 Safari/537.36" DataSize=1100 HostName=DESKTOP-Q7TAATS IP="::1" Method=GET Path="/api/v1/article?pagesize=undefined&pagenum=undefined&title=%E6%96%B0" SpendTime="3 ms" status=200
time="2021-04-25 00:03:33" level=info Agent="Mozilla/5.0 (Windows NT 10.0; Win64; x64) AppleWebKit/537.36 (KHTML, like Gecko) Chrome/88.0.4324.150 Safari/537.36" DataSize=167 HostName=DESKTOP-Q7TAATS IP="::1" Method=GET Path=/api/v1/category SpendTime="4 ms" status=200
time="2021-04-25 00:03:33" level=info Agent="Mozilla/5.0 (Windows NT 10.0; Win64; x64) AppleWebKit/537.36 (KHTML, like Gecko) Chrome/88.0.4324.150 Safari/537.36" DataSize=348 HostName=DESKTOP-Q7TAATS IP="::1" Method=GET Path=/api/v1/profile/1 SpendTime="3 ms" status=200
time="2021-04-25 00:03:33" level=info Agent="Mozilla/5.0 (Windows NT 10.0; Win64; x64) AppleWebKit/537.36 (KHTML, like Gecko) Chrome/88.0.4324.150 Safari/537.36" DataSize=1100 HostName=DESKTOP-Q7TAATS IP="::1" Method=GET Path="/api/v1/article?pagesize=undefined&pagenum=undefined&title=%E6%96%B0" SpendTime="7 ms" status=200
time="2021-04-25 00:03:34" level=info Agent="Mozilla/5.0 (Windows NT 10.0; Win64; x64) AppleWebKit/537.36 (KHTML, like Gecko) Chrome/88.0.4324.150 Safari/537.36" DataSize=363 HostName=DESKTOP-Q7TAATS IP="::1" Method=GET Path=/api/v1/article/singleart/8 SpendTime="1 ms" status=200
time="2021-04-25 00:03:36" level=info Agent="Mozilla/5.0 (Windows NT 10.0; Win64; x64) AppleWebKit/537.36 (KHTML, like Gecko) Chrome/88.0.4324.150 Safari/537.36" DataSize=1100 HostName=DESKTOP-Q7TAATS IP="::1" Method=GET Path="/api/v1/article?pagesize=undefined&pagenum=undefined&title=%E6%96%B0" SpendTime="2 ms" status=200
time="2021-04-25 00:03:37" level=info Agent="Mozilla/5.0 (Windows NT 10.0; Win64; x64) AppleWebKit/537.36 (KHTML, like Gecko) Chrome/88.0.4324.150 Safari/537.36" DataSize=425 HostName=DESKTOP-Q7TAATS IP="::1" Method=GET Path=/api/v1/article/singleart/6 SpendTime="2 ms" status=200
time="2021-04-25 00:03:38" level=info Agent="Mozilla/5.0 (Windows NT 10.0; Win64; x64) AppleWebKit/537.36 (KHTML, like Gecko) Chrome/88.0.4324.150 Safari/537.36" DataSize=1100 HostName=DESKTOP-Q7TAATS IP="::1" Method=GET Path="/api/v1/article?pagesize=undefined&pagenum=undefined&title=%E6%96%B0" SpendTime="4 ms" status=200
time="2021-04-25 00:03:38" level=info Agent="Mozilla/5.0 (Windows NT 10.0; Win64; x64) AppleWebKit/537.36 (KHTML, like Gecko) Chrome/88.0.4324.150 Safari/537.36" DataSize=372 HostName=DESKTOP-Q7TAATS IP="::1" Method=GET Path=/api/v1/article/singleart/7 SpendTime="2 ms" status=200
time="2021-04-25 00:03:39" level=info Agent="Mozilla/5.0 (Windows NT 10.0; Win64; x64) AppleWebKit/537.36 (KHTML, like Gecko) Chrome/88.0.4324.150 Safari/537.36" DataSize=1100 HostName=DESKTOP-Q7TAATS IP="::1" Method=GET Path="/api/v1/article?pagesize=undefined&pagenum=undefined&title=%E6%96%B0" SpendTime="5 ms" status=200
time="2021-04-25 00:03:40" level=info Agent="Mozilla/5.0 (Windows NT 10.0; Win64; x64) AppleWebKit/537.36 (KHTML, like Gecko) Chrome/88.0.4324.150 Safari/537.36" DataSize=2090 HostName=DESKTOP-Q7TAATS IP="::1" Method=GET Path="/api/v1/article?pagesize=5&pagenum=1" SpendTime="2 ms" status=200
time="2021-04-25 00:03:43" level=info Agent="Mozilla/5.0 (Windows NT 10.0; Win64; x64) AppleWebKit/537.36 (KHTML, like Gecko) Chrome/88.0.4324.150 Safari/537.36" DataSize=1100 HostName=DESKTOP-Q7TAATS IP="::1" Method=GET Path="/api/v1/article?pagesize=undefined&pagenum=undefined&title=%E6%96%B0" SpendTime="5 ms" status=200
time="2021-04-25 00:03:45" level=info Agent="Mozilla/5.0 (Windows NT 10.0; Win64; x64) AppleWebKit/537.36 (KHTML, like Gecko) Chrome/88.0.4324.150 Safari/537.36" DataSize=167 HostName=DESKTOP-Q7TAATS IP="::1" Method=GET Path=/api/v1/category SpendTime="1 ms" status=200
time="2021-04-25 00:03:45" level=info Agent="Mozilla/5.0 (Windows NT 10.0; Win64; x64) AppleWebKit/537.36 (KHTML, like Gecko) Chrome/88.0.4324.150 Safari/537.36" DataSize=348 HostName=DESKTOP-Q7TAATS IP="::1" Method=GET Path=/api/v1/profile/1 SpendTime="2 ms" status=200
time="2021-04-25 00:03:45" level=info Agent="Mozilla/5.0 (Windows NT 10.0; Win64; x64) AppleWebKit/537.36 (KHTML, like Gecko) Chrome/88.0.4324.150 Safari/537.36" DataSize=1100 HostName=DESKTOP-Q7TAATS IP="::1" Method=GET Path="/api/v1/article?pagesize=undefined&pagenum=undefined&title=%E6%96%B0" SpendTime="3 ms" status=200
time="2021-04-25 00:03:46" level=info Agent="Mozilla/5.0 (Windows NT 10.0; Win64; x64) AppleWebKit/537.36 (KHTML, like Gecko) Chrome/88.0.4324.150 Safari/537.36" DataSize=2090 HostName=DESKTOP-Q7TAATS IP="::1" Method=GET Path="/api/v1/article?pagesize=5&pagenum=1" SpendTime="4 ms" status=200
time="2021-04-25 00:04:10" level=info Agent="Mozilla/5.0 (Windows NT 10.0; Win64; x64) AppleWebKit/537.36 (KHTML, like Gecko) Chrome/88.0.4324.150 Safari/537.36" DataSize=167 HostName=DESKTOP-Q7TAATS IP="::1" Method=GET Path=/api/v1/category SpendTime="3 ms" status=200
time="2021-04-25 00:04:10" level=info Agent="Mozilla/5.0 (Windows NT 10.0; Win64; x64) AppleWebKit/537.36 (KHTML, like Gecko) Chrome/88.0.4324.150 Safari/537.36" DataSize=2090 HostName=DESKTOP-Q7TAATS IP="::1" Method=GET Path="/api/v1/article?pagesize=5&pagenum=1" SpendTime="7 ms" status=200
time="2021-04-25 00:04:10" level=info Agent="Mozilla/5.0 (Windows NT 10.0; Win64; x64) AppleWebKit/537.36 (KHTML, like Gecko) Chrome/88.0.4324.150 Safari/537.36" DataSize=348 HostName=DESKTOP-Q7TAATS IP="::1" Method=GET Path=/api/v1/profile/1 SpendTime="9 ms" status=200
time="2021-04-25 00:05:18" level=info Agent="Mozilla/5.0 (Windows NT 10.0; Win64; x64) AppleWebKit/537.36 (KHTML, like Gecko) Chrome/88.0.4324.150 Safari/537.36" DataSize=167 HostName=DESKTOP-Q7TAATS IP="::1" Method=GET Path=/api/v1/category SpendTime="6 ms" status=200
time="2021-04-25 00:05:18" level=info Agent="Mozilla/5.0 (Windows NT 10.0; Win64; x64) AppleWebKit/537.36 (KHTML, like Gecko) Chrome/88.0.4324.150 Safari/537.36" DataSize=348 HostName=DESKTOP-Q7TAATS IP="::1" Method=GET Path=/api/v1/profile/1 SpendTime="4 ms" status=200
time="2021-04-25 00:05:18" level=info Agent="Mozilla/5.0 (Windows NT 10.0; Win64; x64) AppleWebKit/537.36 (KHTML, like Gecko) Chrome/88.0.4324.150 Safari/537.36" DataSize=2090 HostName=DESKTOP-Q7TAATS IP="::1" Method=GET Path="/api/v1/article?pagesize=5&pagenum=1" SpendTime="5 ms" status=200
time="2021-04-25 00:05:26" level=info Agent="Mozilla/5.0 (Windows NT 10.0; Win64; x64) AppleWebKit/537.36 (KHTML, like Gecko) Chrome/88.0.4324.150 Safari/537.36" DataSize=49 HostName=DESKTOP-Q7TAATS IP="::1" Method=GET Path="/api/v1/article/catartlist/10?pagesize=5&pagenum=1" SpendTime="2 ms" status=200
time="2021-04-25 00:05:27" level=info Agent="Mozilla/5.0 (Windows NT 10.0; Win64; x64) AppleWebKit/537.36 (KHTML, like Gecko) Chrome/88.0.4324.150 Safari/537.36" DataSize=2090 HostName=DESKTOP-Q7TAATS IP="::1" Method=GET Path="/api/v1/article?pagesize=5&pagenum=1" SpendTime="2 ms" status=200
time="2021-04-25 00:05:27" level=info Agent="Mozilla/5.0 (Windows NT 10.0; Win64; x64) AppleWebKit/537.36 (KHTML, like Gecko) Chrome/88.0.4324.150 Safari/537.36" DataSize=651 HostName=DESKTOP-Q7TAATS IP="::1" Method=GET Path="/api/v1/article/catartlist/1?pagesize=5&pagenum=1" SpendTime="2 ms" status=200
time="2021-04-25 00:05:28" level=info Agent="Mozilla/5.0 (Windows NT 10.0; Win64; x64) AppleWebKit/537.36 (KHTML, like Gecko) Chrome/88.0.4324.150 Safari/537.36" DataSize=2090 HostName=DESKTOP-Q7TAATS IP="::1" Method=GET Path="/api/v1/article?pagesize=5&pagenum=1" SpendTime="2 ms" status=200
time="2021-04-25 00:05:29" level=info Agent="Mozilla/5.0 (Windows NT 10.0; Win64; x64) AppleWebKit/537.36 (KHTML, like Gecko) Chrome/88.0.4324.150 Safari/537.36" DataSize=824 HostName=DESKTOP-Q7TAATS IP="::1" Method=GET Path="/api/v1/article/catartlist/6?pagesize=5&pagenum=1" SpendTime="4 ms" status=200
time="2021-04-25 00:05:29" level=info Agent="Mozilla/5.0 (Windows NT 10.0; Win64; x64) AppleWebKit/537.36 (KHTML, like Gecko) Chrome/88.0.4324.150 Safari/537.36" DataSize=2090 HostName=DESKTOP-Q7TAATS IP="::1" Method=GET Path="/api/v1/article?pagesize=5&pagenum=1" SpendTime="1 ms" status=200
time="2021-04-25 00:05:30" level=info Agent="Mozilla/5.0 (Windows NT 10.0; Win64; x64) AppleWebKit/537.36 (KHTML, like Gecko) Chrome/88.0.4324.150 Safari/537.36" DataSize=384 HostName=DESKTOP-Q7TAATS IP="::1" Method=GET Path="/api/v1/article/catartlist/7?pagesize=5&pagenum=1" SpendTime="3 ms" status=200
time="2021-04-25 00:05:31" level=info Agent="Mozilla/5.0 (Windows NT 10.0; Win64; x64) AppleWebKit/537.36 (KHTML, like Gecko) Chrome/88.0.4324.150 Safari/537.36" DataSize=2090 HostName=DESKTOP-Q7TAATS IP="::1" Method=GET Path="/api/v1/article?pagesize=5&pagenum=1" SpendTime="1 ms" status=200
time="2021-04-25 00:05:32" level=info Agent="Mozilla/5.0 (Windows NT 10.0; Win64; x64) AppleWebKit/537.36 (KHTML, like Gecko) Chrome/88.0.4324.150 Safari/537.36" DataSize=363 HostName=DESKTOP-Q7TAATS IP="::1" Method=GET Path=/api/v1/article/singleart/8 SpendTime="1 ms" status=200
time="2021-04-25 00:05:33" level=info Agent="Mozilla/5.0 (Windows NT 10.0; Win64; x64) AppleWebKit/537.36 (KHTML, like Gecko) Chrome/88.0.4324.150 Safari/537.36" DataSize=2090 HostName=DESKTOP-Q7TAATS IP="::1" Method=GET Path="/api/v1/article?pagesize=5&pagenum=1" SpendTime="6 ms" status=200
time="2021-04-25 00:06:17" level=info Agent="Mozilla/5.0 (Windows NT 10.0; Win64; x64) AppleWebKit/537.36 (KHTML, like Gecko) Chrome/88.0.4324.150 Safari/537.36" DataSize=651 HostName=DESKTOP-Q7TAATS IP="::1" Method=GET Path="/api/v1/article/catartlist/1?pagesize=5&pagenum=1" SpendTime="5 ms" status=200
time="2021-04-25 00:06:21" level=info Agent="Mozilla/5.0 (Windows NT 10.0; Win64; x64) AppleWebKit/537.36 (KHTML, like Gecko) Chrome/88.0.4324.150 Safari/537.36" DataSize=167 HostName=DESKTOP-Q7TAATS IP="::1" Method=GET Path=/api/v1/category SpendTime="1 ms" status=200
time="2021-04-25 00:06:21" level=info Agent="Mozilla/5.0 (Windows NT 10.0; Win64; x64) AppleWebKit/537.36 (KHTML, like Gecko) Chrome/88.0.4324.150 Safari/537.36" DataSize=348 HostName=DESKTOP-Q7TAATS IP="::1" Method=GET Path=/api/v1/profile/1 SpendTime="1 ms" status=200
time="2021-04-25 00:06:21" level=info Agent="Mozilla/5.0 (Windows NT 10.0; Win64; x64) AppleWebKit/537.36 (KHTML, like Gecko) Chrome/88.0.4324.150 Safari/537.36" DataSize=651 HostName=DESKTOP-Q7TAATS IP="::1" Method=GET Path="/api/v1/article/catartlist/1?pagesize=5&pagenum=1" SpendTime="3 ms" status=200
time="2021-04-25 00:06:21" level=info Agent="Mozilla/5.0 (Windows NT 10.0; Win64; x64) AppleWebKit/537.36 (KHTML, like Gecko) Chrome/88.0.4324.150 Safari/537.36" DataSize=2090 HostName=DESKTOP-Q7TAATS IP="::1" Method=GET Path="/api/v1/article?pagesize=5&pagenum=1" SpendTime="3 ms" status=200
time="2021-04-25 00:06:23" level=info Agent="Mozilla/5.0 (Windows NT 10.0; Win64; x64) AppleWebKit/537.36 (KHTML, like Gecko) Chrome/88.0.4324.150 Safari/537.36" DataSize=651 HostName=DESKTOP-Q7TAATS IP="::1" Method=GET Path="/api/v1/article/catartlist/1?pagesize=5&pagenum=1" SpendTime="3 ms" status=200
time="2021-04-25 00:06:24" level=info Agent="Mozilla/5.0 (Windows NT 10.0; Win64; x64) AppleWebKit/537.36 (KHTML, like Gecko) Chrome/88.0.4324.150 Safari/537.36" DataSize=2090 HostName=DESKTOP-Q7TAATS IP="::1" Method=GET Path="/api/v1/article?pagesize=5&pagenum=1" SpendTime="3 ms" status=200
time="2021-04-25 00:06:25" level=info Agent="Mozilla/5.0 (Windows NT 10.0; Win64; x64) AppleWebKit/537.36 (KHTML, like Gecko) Chrome/88.0.4324.150 Safari/537.36" DataSize=384 HostName=DESKTOP-Q7TAATS IP="::1" Method=GET Path="/api/v1/article/catartlist/7?pagesize=5&pagenum=1" SpendTime="5 ms" status=200
time="2021-04-25 00:06:26" level=info Agent="Mozilla/5.0 (Windows NT 10.0; Win64; x64) AppleWebKit/537.36 (KHTML, like Gecko) Chrome/88.0.4324.150 Safari/537.36" DataSize=2090 HostName=DESKTOP-Q7TAATS IP="::1" Method=GET Path="/api/v1/article?pagesize=5&pagenum=1" SpendTime="2 ms" status=200
time="2021-04-25 00:06:27" level=info Agent="Mozilla/5.0 (Windows NT 10.0; Win64; x64) AppleWebKit/537.36 (KHTML, like Gecko) Chrome/88.0.4324.150 Safari/537.36" DataSize=824 HostName=DESKTOP-Q7TAATS IP="::1" Method=GET Path="/api/v1/article/catartlist/6?pagesize=5&pagenum=1" SpendTime="9 ms" status=200
time="2021-04-25 00:06:28" level=info Agent="Mozilla/5.0 (Windows NT 10.0; Win64; x64) AppleWebKit/537.36 (KHTML, like Gecko) Chrome/88.0.4324.150 Safari/537.36" DataSize=2090 HostName=DESKTOP-Q7TAATS IP="::1" Method=GET Path="/api/v1/article?pagesize=5&pagenum=1" SpendTime="3 ms" status=200
time="2021-04-25 00:06:29" level=info Agent="Mozilla/5.0 (Windows NT 10.0; Win64; x64) AppleWebKit/537.36 (KHTML, like Gecko) Chrome/88.0.4324.150 Safari/537.36" DataSize=375 HostName=DESKTOP-Q7TAATS IP="::1" Method=GET Path="/api/v1/article/catartlist/9?pagesize=5&pagenum=1" SpendTime="2 ms" status=200
time="2021-04-25 00:06:30" level=info Agent="Mozilla/5.0 (Windows NT 10.0; Win64; x64) AppleWebKit/537.36 (KHTML, like Gecko) Chrome/88.0.4324.150 Safari/537.36" DataSize=2090 HostName=DESKTOP-Q7TAATS IP="::1" Method=GET Path="/api/v1/article?pagesize=5&pagenum=1" SpendTime="3 ms" status=200
time="2021-04-25 00:06:31" level=info Agent="Mozilla/5.0 (Windows NT 10.0; Win64; x64) AppleWebKit/537.36 (KHTML, like Gecko) Chrome/88.0.4324.150 Safari/537.36" DataSize=375 HostName=DESKTOP-Q7TAATS IP="::1" Method=GET Path="/api/v1/article/catartlist/9?pagesize=5&pagenum=1" SpendTime="3 ms" status=200
time="2021-04-25 00:06:32" level=info Agent="Mozilla/5.0 (Windows NT 10.0; Win64; x64) AppleWebKit/537.36 (KHTML, like Gecko) Chrome/88.0.4324.150 Safari/537.36" DataSize=2090 HostName=DESKTOP-Q7TAATS IP="::1" Method=GET Path="/api/v1/article?pagesize=5&pagenum=1" SpendTime="2 ms" status=200
time="2021-04-25 00:06:33" level=info Agent="Mozilla/5.0 (Windows NT 10.0; Win64; x64) AppleWebKit/537.36 (KHTML, like Gecko) Chrome/88.0.4324.150 Safari/537.36" DataSize=824 HostName=DESKTOP-Q7TAATS IP="::1" Method=GET Path="/api/v1/article/catartlist/6?pagesize=5&pagenum=1" SpendTime="3 ms" status=200
time="2021-04-25 00:06:33" level=info Agent="Mozilla/5.0 (Windows NT 10.0; Win64; x64) AppleWebKit/537.36 (KHTML, like Gecko) Chrome/88.0.4324.150 Safari/537.36" DataSize=2090 HostName=DESKTOP-Q7TAATS IP="::1" Method=GET Path="/api/v1/article?pagesize=5&pagenum=1" SpendTime="2 ms" status=200
time="2021-04-25 00:06:34" level=info Agent="Mozilla/5.0 (Windows NT 10.0; Win64; x64) AppleWebKit/537.36 (KHTML, like Gecko) Chrome/88.0.4324.150 Safari/537.36" DataSize=384 HostName=DESKTOP-Q7TAATS IP="::1" Method=GET Path="/api/v1/article/catartlist/7?pagesize=5&pagenum=1" SpendTime="2 ms" status=200
time="2021-04-25 00:06:35" level=info Agent="Mozilla/5.0 (Windows NT 10.0; Win64; x64) AppleWebKit/537.36 (KHTML, like Gecko) Chrome/88.0.4324.150 Safari/537.36" DataSize=2090 HostName=DESKTOP-Q7TAATS IP="::1" Method=GET Path="/api/v1/article?pagesize=5&pagenum=1" SpendTime="2 ms" status=200
