time="2021-04-29 14:08:07" level=info Agent="Mozilla/5.0 (Windows NT 10.0; Win64; x64) AppleWebKit/537.36 (KHTML, like Gecko) Chrome/88.0.4324.150 Safari/537.36" DataSize=15484 HostName=DESKTOP-Q7TAATS IP="::1" Method=GET Path="/api/v1/article/catartlist/1?pagesize=5&pagenum=1" SpendTime="676 ms" status=200
time="2021-04-29 14:09:51" level=info Agent="Mozilla/5.0 (Windows NT 10.0; Win64; x64) AppleWebKit/537.36 (KHTML, like Gecko) Chrome/88.0.4324.150 Safari/537.36" DataSize=17427 HostName=DESKTOP-Q7TAATS IP="::1" Method=GET Path="/api/v1/article?pagesize=5&pagenum=1" SpendTime="153 ms" status=200
time="2021-04-29 14:09:52" level=info Agent="Mozilla/5.0 (Windows NT 10.0; Win64; x64) AppleWebKit/537.36 (KHTML, like Gecko) Chrome/88.0.4324.150 Safari/537.36" DataSize=573 HostName=DESKTOP-Q7TAATS IP="::1" Method=GET Path=/api/v1/article/singleart/11 SpendTime="6 ms" status=200
time="2021-04-29 14:09:54" level=info Agent="Mozilla/5.0 (Windows NT 10.0; Win64; x64) AppleWebKit/537.36 (KHTML, like Gecko) Chrome/88.0.4324.150 Safari/537.36" DataSize=17427 HostName=DESKTOP-Q7TAATS IP="::1" Method=GET Path="/api/v1/article?pagesize=5&pagenum=1" SpendTime="3 ms" status=200
time="2021-04-29 14:09:55" level=info Agent="Mozilla/5.0 (Windows NT 10.0; Win64; x64) AppleWebKit/537.36 (KHTML, like Gecko) Chrome/88.0.4324.150 Safari/537.36" DataSize=15484 HostName=DESKTOP-Q7TAATS IP="::1" Method=GET Path="/api/v1/article/catartlist/1?pagesize=5&pagenum=1" SpendTime="3 ms" status=200
time="2021-04-29 14:10:15" level=info Agent="Mozilla/5.0 (Windows NT 10.0; Win64; x64) AppleWebKit/537.36 (KHTML, like Gecko) Chrome/88.0.4324.150 Safari/537.36" DataSize=5573 HostName=DESKTOP-Q7TAATS IP="::1" Method=GET Path=/api/v1/article/singleart/9 SpendTime="12 ms" status=200
time="2021-04-29 14:10:16" level=info Agent="Mozilla/5.0 (Windows NT 10.0; Win64; x64) AppleWebKit/537.36 (KHTML, like Gecko) Chrome/88.0.4324.150 Safari/537.36" DataSize=15484 HostName=DESKTOP-Q7TAATS IP="::1" Method=GET Path="/api/v1/article/catartlist/1?pagesize=5&pagenum=1" SpendTime="21 ms" status=200
time="2021-04-29 14:13:10" level=info Agent="Mozilla/5.0 (Windows NT 10.0; Win64; x64) AppleWebKit/537.36 (KHTML, like Gecko) Chrome/88.0.4324.150 Safari/537.36" DataSize=17427 HostName=DESKTOP-Q7TAATS IP="::1" Method=GET Path="/api/v1/article?pagesize=5&pagenum=1" SpendTime="16 ms" status=200
time="2021-04-29 14:13:52" level=info Agent="Mozilla/5.0 (Windows NT 10.0; Win64; x64) AppleWebKit/537.36 (KHTML, like Gecko) Chrome/88.0.4324.150 Safari/537.36" DataSize=573 HostName=DESKTOP-Q7TAATS IP="::1" Method=GET Path=/api/v1/article/singleart/11 SpendTime="7 ms" status=200
time="2021-04-29 14:13:54" level=info Agent="Mozilla/5.0 (Windows NT 10.0; Win64; x64) AppleWebKit/537.36 (KHTML, like Gecko) Chrome/88.0.4324.150 Safari/537.36" DataSize=17427 HostName=DESKTOP-Q7TAATS IP="::1" Method=GET Path="/api/v1/article?pagesize=5&pagenum=1" SpendTime="3 ms" status=200
time="2021-04-29 14:13:55" level=info Agent="Mozilla/5.0 (Windows NT 10.0; Win64; x64) AppleWebKit/537.36 (KHTML, like Gecko) Chrome/88.0.4324.150 Safari/537.36" DataSize=15484 HostName=DESKTOP-Q7TAATS IP="::1" Method=GET Path="/api/v1/article/catartlist/1?pagesize=5&pagenum=1" SpendTime="5 ms" status=200
time="2021-04-29 14:13:55" level=info Agent="Mozilla/5.0 (Windows NT 10.0; Win64; x64) AppleWebKit/537.36 (KHTML, like Gecko) Chrome/88.0.4324.150 Safari/537.36" DataSize=17427 HostName=DESKTOP-Q7TAATS IP="::1" Method=GET Path="/api/v1/article?pagesize=5&pagenum=1" SpendTime="6 ms" status=200
time="2021-04-29 14:13:59" level=info Agent="Mozilla/5.0 (Windows NT 10.0; Win64; x64) AppleWebKit/537.36 (KHTML, like Gecko) Chrome/88.0.4324.150 Safari/537.36" DataSize=49 HostName=DESKTOP-Q7TAATS IP="::1" Method=GET Path="/api/v1/article?pagesize=undefined&pagenum=undefined&title=%E5%88%86" SpendTime="57 ms" status=200
time="2021-04-29 14:14:09" level=info Agent="Mozilla/5.0 (Windows NT 10.0; Win64; x64) AppleWebKit/537.36 (KHTML, like Gecko) Chrome/88.0.4324.150 Safari/537.36" DataSize=17427 HostName=DESKTOP-Q7TAATS IP="::1" Method=GET Path="/api/v1/article?pagesize=5&pagenum=1" SpendTime="81 ms" status=200
time="2021-04-29 14:14:14" level=info Agent="Mozilla/5.0 (Windows NT 10.0; Win64; x64) AppleWebKit/537.36 (KHTML, like Gecko) Chrome/88.0.4324.150 Safari/537.36" DataSize=1636 HostName=DESKTOP-Q7TAATS IP="::1" Method=GET Path="/api/v1/article?pagesize=undefined&pagenum=undefined&title=%E6%96%B0" SpendTime="3 ms" status=200
time="2021-04-29 14:24:51" level=info Agent="Mozilla/5.0 (Windows NT 10.0; Win64; x64) AppleWebKit/537.36 (KHTML, like Gecko) Chrome/88.0.4324.150 Safari/537.36" DataSize=196 HostName=DESKTOP-Q7TAATS IP="::1" Method=POST Path=/api/v1/login SpendTime="128 ms" status=200
time="2021-04-29 14:26:56" level=info Agent="Mozilla/5.0 (Windows NT 10.0; Win64; x64) AppleWebKit/537.36 (KHTML, like Gecko) Chrome/88.0.4324.150 Safari/537.36" DataSize=348 HostName=DESKTOP-Q7TAATS IP="::1" Method=GET Path=/api/v1/profile/1 SpendTime="58 ms" status=200
time="2021-04-29 14:30:04" level=info Agent="Mozilla/5.0 (Windows NT 10.0; Win64; x64) AppleWebKit/537.36 (KHTML, like Gecko) Chrome/88.0.4324.150 Safari/537.36" DataSize=2440 HostName=DESKTOP-Q7TAATS IP="::1" Method=GET Path="/api/v1/users?username=&pagesize=5&pagenum=1" SpendTime="5 ms" status=200
time="2021-04-29 14:30:05" level=info Agent="Mozilla/5.0 (Windows NT 10.0; Win64; x64) AppleWebKit/537.36 (KHTML, like Gecko) Chrome/88.0.4324.150 Safari/537.36" DataSize=348 HostName=DESKTOP-Q7TAATS IP="::1" Method=GET Path=/api/v1/profile/1 SpendTime="2 ms" status=200
time="2021-04-29 14:30:45" level=info Agent="Mozilla/5.0 (Windows NT 10.0; Win64; x64) AppleWebKit/537.36 (KHTML, like Gecko) Chrome/88.0.4324.150 Safari/537.36" DataSize=2440 HostName=DESKTOP-Q7TAATS IP="::1" Method=GET Path="/api/v1/users?username=&pagesize=5&pagenum=1" SpendTime="5 ms" status=200
time="2021-04-29 14:33:30" level=info Agent="Mozilla/5.0 (Windows NT 10.0; Win64; x64) AppleWebKit/537.36 (KHTML, like Gecko) Chrome/88.0.4324.150 Safari/537.36" DataSize=218 HostName=DESKTOP-Q7TAATS IP="::1" Method=GET Path=/api/v1/users/1 SpendTime="4 ms" status=200
time="2021-04-29 14:35:05" level=info Agent="Mozilla/5.0 (Windows NT 10.0; Win64; x64) AppleWebKit/537.36 (KHTML, like Gecko) Chrome/88.0.4324.150 Safari/537.36" DataSize=167 HostName=DESKTOP-Q7TAATS IP="::1" Method=GET Path="/api/v1/category?pagesize=5&pagenum=1" SpendTime="5 ms" status=200
time="2021-04-29 14:37:12" level=info Agent="Mozilla/5.0 (Windows NT 10.0; Win64; x64) AppleWebKit/537.36 (KHTML, like Gecko) Chrome/88.0.4324.150 Safari/537.36" DataSize=2440 HostName=DESKTOP-Q7TAATS IP="::1" Method=GET Path="/api/v1/users?username=&pagesize=5&pagenum=1" SpendTime="5 ms" status=200
time="2021-04-29 14:37:13" level=info Agent="Mozilla/5.0 (Windows NT 10.0; Win64; x64) AppleWebKit/537.36 (KHTML, like Gecko) Chrome/88.0.4324.150 Safari/537.36" DataSize=167 HostName=DESKTOP-Q7TAATS IP="::1" Method=GET Path="/api/v1/category?pagesize=5&pagenum=1" SpendTime="2 ms" status=200
time="2021-04-29 14:37:27" level=info Agent="Mozilla/5.0 (Windows NT 10.0; Win64; x64) AppleWebKit/537.36 (KHTML, like Gecko) Chrome/88.0.4324.150 Safari/537.36" DataSize=2440 HostName=DESKTOP-Q7TAATS IP="::1" Method=GET Path="/api/v1/users?username=&pagesize=5&pagenum=1" SpendTime="3 ms" status=200
time="2021-04-29 14:38:00" level=info Agent="Mozilla/5.0 (Windows NT 10.0; Win64; x64) AppleWebKit/537.36 (KHTML, like Gecko) Chrome/88.0.4324.150 Safari/537.36" DataSize=894 HostName=DESKTOP-Q7TAATS IP="::1" Method=GET Path="/api/v1/users?username=ad&pagesize=5&pagenum=1" SpendTime="3 ms" status=200
time="2021-04-29 14:38:18" level=info Agent="Mozilla/5.0 (Windows NT 10.0; Win64; x64) AppleWebKit/537.36 (KHTML, like Gecko) Chrome/88.0.4324.150 Safari/537.36" DataSize=2440 HostName=DESKTOP-Q7TAATS IP="::1" Method=GET Path="/api/v1/users?username=&pagesize=5&pagenum=1" SpendTime="3 ms" status=200
time="2021-04-29 14:38:22" level=info Agent="Mozilla/5.0 (Windows NT 10.0; Win64; x64) AppleWebKit/537.36 (KHTML, like Gecko) Chrome/88.0.4324.150 Safari/537.36" DataSize=167 HostName=DESKTOP-Q7TAATS IP="::1" Method=GET Path="/api/v1/category?pagesize=5&pagenum=1" SpendTime="2 ms" status=200
time="2021-04-29 14:39:19" level=info Agent="Mozilla/5.0 (Windows NT 10.0; Win64; x64) AppleWebKit/537.36 (KHTML, like Gecko) Chrome/88.0.4324.150 Safari/537.36" DataSize=61 HostName=DESKTOP-Q7TAATS IP="::1" Method=GET Path=/api/v1/category/1 SpendTime="3 ms" status=200
time="2021-04-29 14:40:17" level=info Agent="Mozilla/5.0 (Windows NT 10.0; Win64; x64) AppleWebKit/537.36 (KHTML, like Gecko) Chrome/88.0.4324.150 Safari/537.36" DataSize=167 HostName=DESKTOP-Q7TAATS IP="::1" Method=GET Path="/api/v1/category?pagesize=5&pagenum=1" SpendTime="3 ms" status=200
time="2021-04-29 14:40:17" level=info Agent="Mozilla/5.0 (Windows NT 10.0; Win64; x64) AppleWebKit/537.36 (KHTML, like Gecko) Chrome/88.0.4324.150 Safari/537.36" DataSize=17427 HostName=DESKTOP-Q7TAATS IP="::1" Method=GET Path="/api/v1/article?title=&pagesize=5&pagenum=1" SpendTime="5 ms" status=200
time="2021-04-29 14:45:21" level=info Agent="Mozilla/5.0 (Windows NT 10.0; Win64; x64) AppleWebKit/537.36 (KHTML, like Gecko) Chrome/88.0.4324.150 Safari/537.36" DataSize=1329 HostName=DESKTOP-Q7TAATS IP="::1" Method=GET Path=/api/v1/article/catartlist/6 SpendTime="4 ms" status=200
time="2021-04-29 14:46:34" level=info Agent="Mozilla/5.0 (Windows NT 10.0; Win64; x64) AppleWebKit/537.36 (KHTML, like Gecko) Chrome/88.0.4324.150 Safari/537.36" DataSize=167 HostName=DESKTOP-Q7TAATS IP="::1" Method=GET Path=/api/v1/category SpendTime="3 ms" status=200
time="2021-04-29 15:34:56" level=info Agent="Mozilla/5.0 (Windows NT 10.0; Win64; x64) AppleWebKit/537.36 (KHTML, like Gecko) Chrome/88.0.4324.150 Safari/537.36" DataSize=348 HostName=DESKTOP-Q7TAATS IP="::1" Method=GET Path=/api/v1/profile/1 SpendTime="4 ms" status=200
time="2021-04-29 15:35:00" level=info Agent="Mozilla/5.0 (Windows NT 10.0; Win64; x64) AppleWebKit/537.36 (KHTML, like Gecko) Chrome/88.0.4324.150 Safari/537.36" DataSize=29 HostName=DESKTOP-Q7TAATS IP="::1" Method=PUT Path=/api/v1/profile/1 SpendTime="87 ms" status=200
time="2021-04-29 15:35:02" level=info Agent="Mozilla/5.0 (Windows NT 10.0; Win64; x64) AppleWebKit/537.36 (KHTML, like Gecko) Chrome/88.0.4324.150 Safari/537.36" DataSize=167 HostName=DESKTOP-Q7TAATS IP="::1" Method=GET Path=/api/v1/category SpendTime="2 ms" status=200
time="2021-04-29 15:35:02" level=info Agent="Mozilla/5.0 (Windows NT 10.0; Win64; x64) AppleWebKit/537.36 (KHTML, like Gecko) Chrome/88.0.4324.150 Safari/537.36" DataSize=348 HostName=DESKTOP-Q7TAATS IP="::1" Method=GET Path=/api/v1/profile/1 SpendTime="1 ms" status=200
time="2021-04-29 15:35:02" level=info Agent="Mozilla/5.0 (Windows NT 10.0; Win64; x64) AppleWebKit/537.36 (KHTML, like Gecko) Chrome/88.0.4324.150 Safari/537.36" DataSize=1636 HostName=DESKTOP-Q7TAATS IP="::1" Method=GET Path="/api/v1/article?pagesize=undefined&pagenum=undefined&title=%E6%96%B0" SpendTime="10 ms" status=200
time="2021-04-29 15:35:05" level=info Agent="Mozilla/5.0 (Windows NT 10.0; Win64; x64) AppleWebKit/537.36 (KHTML, like Gecko) Chrome/88.0.4324.150 Safari/537.36" DataSize=2440 HostName=DESKTOP-Q7TAATS IP="::1" Method=GET Path="/api/v1/users?username=&pagesize=5&pagenum=1" SpendTime="2 ms" status=200
time="2021-04-29 15:35:06" level=info Agent="Mozilla/5.0 (Windows NT 10.0; Win64; x64) AppleWebKit/537.36 (KHTML, like Gecko) Chrome/88.0.4324.150 Safari/537.36" DataSize=348 HostName=DESKTOP-Q7TAATS IP="::1" Method=GET Path=/api/v1/profile/1 SpendTime="3 ms" status=200
time="2021-04-29 15:35:11" level=info Agent="Mozilla/5.0 (Windows NT 10.0; Win64; x64) AppleWebKit/537.36 (KHTML, like Gecko) Chrome/88.0.4324.150 Safari/537.36" DataSize=29 HostName=DESKTOP-Q7TAATS IP="::1" Method=PUT Path=/api/v1/profile/1 SpendTime="2 ms" status=200
time="2021-04-29 15:35:12" level=info Agent="Mozilla/5.0 (Windows NT 10.0; Win64; x64) AppleWebKit/537.36 (KHTML, like Gecko) Chrome/88.0.4324.150 Safari/537.36" DataSize=348 HostName=DESKTOP-Q7TAATS IP="::1" Method=GET Path=/api/v1/profile/1 SpendTime="1 ms" status=200
time="2021-04-29 15:35:18" level=info Agent="Mozilla/5.0 (Windows NT 10.0; Win64; x64) AppleWebKit/537.36 (KHTML, like Gecko) Chrome/88.0.4324.150 Safari/537.36" DataSize=29 HostName=DESKTOP-Q7TAATS IP="::1" Method=PUT Path=/api/v1/profile/1 SpendTime="4 ms" status=200
time="2021-04-29 15:35:20" level=info Agent="Mozilla/5.0 (Windows NT 10.0; Win64; x64) AppleWebKit/537.36 (KHTML, like Gecko) Chrome/88.0.4324.150 Safari/537.36" DataSize=167 HostName=DESKTOP-Q7TAATS IP="::1" Method=GET Path=/api/v1/category SpendTime="2 ms" status=200
time="2021-04-29 15:35:20" level=info Agent="Mozilla/5.0 (Windows NT 10.0; Win64; x64) AppleWebKit/537.36 (KHTML, like Gecko) Chrome/88.0.4324.150 Safari/537.36" DataSize=351 HostName=DESKTOP-Q7TAATS IP="::1" Method=GET Path=/api/v1/profile/1 SpendTime="4 ms" status=200
time="2021-04-29 15:35:20" level=info Agent="Mozilla/5.0 (Windows NT 10.0; Win64; x64) AppleWebKit/537.36 (KHTML, like Gecko) Chrome/88.0.4324.150 Safari/537.36" DataSize=1636 HostName=DESKTOP-Q7TAATS IP="::1" Method=GET Path="/api/v1/article?pagesize=undefined&pagenum=undefined&title=%E6%96%B0" SpendTime="4 ms" status=200
time="2021-04-29 15:35:22" level=info Agent="Mozilla/5.0 (Windows NT 10.0; Win64; x64) AppleWebKit/537.36 (KHTML, like Gecko) Chrome/88.0.4324.150 Safari/537.36" DataSize=351 HostName=DESKTOP-Q7TAATS IP="::1" Method=GET Path=/api/v1/profile/1 SpendTime="1 ms" status=200
time="2021-04-29 15:35:28" level=info Agent="Mozilla/5.0 (Windows NT 10.0; Win64; x64) AppleWebKit/537.36 (KHTML, like Gecko) Chrome/88.0.4324.150 Safari/537.36" DataSize=29 HostName=DESKTOP-Q7TAATS IP="::1" Method=PUT Path=/api/v1/profile/1 SpendTime="1 ms" status=200
time="2021-04-29 15:35:29" level=info Agent="Mozilla/5.0 (Windows NT 10.0; Win64; x64) AppleWebKit/537.36 (KHTML, like Gecko) Chrome/88.0.4324.150 Safari/537.36" DataSize=167 HostName=DESKTOP-Q7TAATS IP="::1" Method=GET Path=/api/v1/category SpendTime="3 ms" status=200
time="2021-04-29 15:35:29" level=info Agent="Mozilla/5.0 (Windows NT 10.0; Win64; x64) AppleWebKit/537.36 (KHTML, like Gecko) Chrome/88.0.4324.150 Safari/537.36" DataSize=351 HostName=DESKTOP-Q7TAATS IP="::1" Method=GET Path=/api/v1/profile/1 SpendTime="8 ms" status=200
time="2021-04-29 15:35:29" level=info Agent="Mozilla/5.0 (Windows NT 10.0; Win64; x64) AppleWebKit/537.36 (KHTML, like Gecko) Chrome/88.0.4324.150 Safari/537.36" DataSize=1636 HostName=DESKTOP-Q7TAATS IP="::1" Method=GET Path="/api/v1/article?pagesize=undefined&pagenum=undefined&title=%E6%96%B0" SpendTime="7 ms" status=200
time="2021-04-29 15:35:31" level=info Agent="Mozilla/5.0 (Windows NT 10.0; Win64; x64) AppleWebKit/537.36 (KHTML, like Gecko) Chrome/88.0.4324.150 Safari/537.36" DataSize=351 HostName=DESKTOP-Q7TAATS IP="::1" Method=GET Path=/api/v1/profile/1 SpendTime="1 ms" status=200
time="2021-04-29 15:35:34" level=info Agent="Mozilla/5.0 (Windows NT 10.0; Win64; x64) AppleWebKit/537.36 (KHTML, like Gecko) Chrome/88.0.4324.150 Safari/537.36" DataSize=29 HostName=DESKTOP-Q7TAATS IP="::1" Method=PUT Path=/api/v1/profile/1 SpendTime="1 ms" status=200
time="2021-04-29 15:35:36" level=info Agent="Mozilla/5.0 (Windows NT 10.0; Win64; x64) AppleWebKit/537.36 (KHTML, like Gecko) Chrome/88.0.4324.150 Safari/537.36" DataSize=167 HostName=DESKTOP-Q7TAATS IP="::1" Method=GET Path=/api/v1/category SpendTime="2 ms" status=200
time="2021-04-29 15:35:36" level=info Agent="Mozilla/5.0 (Windows NT 10.0; Win64; x64) AppleWebKit/537.36 (KHTML, like Gecko) Chrome/88.0.4324.150 Safari/537.36" DataSize=348 HostName=DESKTOP-Q7TAATS IP="::1" Method=GET Path=/api/v1/profile/1 SpendTime="4 ms" status=200
time="2021-04-29 15:35:36" level=info Agent="Mozilla/5.0 (Windows NT 10.0; Win64; x64) AppleWebKit/537.36 (KHTML, like Gecko) Chrome/88.0.4324.150 Safari/537.36" DataSize=1636 HostName=DESKTOP-Q7TAATS IP="::1" Method=GET Path="/api/v1/article?pagesize=undefined&pagenum=undefined&title=%E6%96%B0" SpendTime="5 ms" status=200
time="2021-04-29 15:37:20" level=info Agent="Mozilla/5.0 (Windows NT 10.0; Win64; x64) AppleWebKit/537.36 (KHTML, like Gecko) Chrome/88.0.4324.150 Safari/537.36" DataSize=2440 HostName=DESKTOP-Q7TAATS IP="::1" Method=GET Path="/api/v1/users?username=&pagesize=5&pagenum=1" SpendTime="9 ms" status=200
time="2021-04-29 15:39:14" level=info Agent="Mozilla/5.0 (Windows NT 10.0; Win64; x64) AppleWebKit/537.36 (KHTML, like Gecko) Chrome/88.0.4324.150 Safari/537.36" DataSize=167 HostName=DESKTOP-Q7TAATS IP="::1" Method=GET Path="/api/v1/category?pagesize=5&pagenum=1" SpendTime="6 ms" status=200
time="2021-04-29 15:42:43" level=info Agent="Mozilla/5.0 (Windows NT 10.0; Win64; x64) AppleWebKit/537.36 (KHTML, like Gecko) Chrome/88.0.4324.150 Safari/537.36" DataSize=167 HostName=DESKTOP-Q7TAATS IP="::1" Method=GET Path="/api/v1/category?pagesize=5&pagenum=1" SpendTime="3 ms" status=200
time="2021-04-29 15:42:43" level=info Agent="Mozilla/5.0 (Windows NT 10.0; Win64; x64) AppleWebKit/537.36 (KHTML, like Gecko) Chrome/88.0.4324.150 Safari/537.36" DataSize=17427 HostName=DESKTOP-Q7TAATS IP="::1" Method=GET Path="/api/v1/article?title=&pagesize=5&pagenum=1" SpendTime="6 ms" status=200
time="2021-04-29 15:58:39" level=info Agent="Mozilla/5.0 (Windows NT 10.0; Win64; x64) AppleWebKit/537.36 (KHTML, like Gecko) Chrome/88.0.4324.150 Safari/537.36" DataSize=167 HostName=DESKTOP-Q7TAATS IP="::1" Method=GET Path=/api/v1/category SpendTime="8 ms" status=200
time="2021-04-29 15:59:04" level=info Agent="Mozilla/5.0 (Windows NT 10.0; Win64; x64) AppleWebKit/537.36 (KHTML, like Gecko) Chrome/88.0.4324.150 Safari/537.36" DataSize=246 HostName=DESKTOP-Q7TAATS IP="::1" Method=POST Path=/api/v1/article/add SpendTime="117 ms" status=200
time="2021-04-29 15:59:04" level=info Agent="Mozilla/5.0 (Windows NT 10.0; Win64; x64) AppleWebKit/537.36 (KHTML, like Gecko) Chrome/88.0.4324.150 Safari/537.36" DataSize=17641 HostName=DESKTOP-Q7TAATS IP="::1" Method=GET Path="/api/v1/article?title=&pagesize=5&pagenum=1" SpendTime="7 ms" status=200
time="2021-04-29 15:59:04" level=info Agent="Mozilla/5.0 (Windows NT 10.0; Win64; x64) AppleWebKit/537.36 (KHTML, like Gecko) Chrome/88.0.4324.150 Safari/537.36" DataSize=167 HostName=DESKTOP-Q7TAATS IP="::1" Method=GET Path="/api/v1/category?pagesize=5&pagenum=1" SpendTime="6 ms" status=200
time="2021-04-29 15:59:08" level=info Agent="Mozilla/5.0 (Windows NT 10.0; Win64; x64) AppleWebKit/537.36 (KHTML, like Gecko) Chrome/88.0.4324.150 Safari/537.36" DataSize=167 HostName=DESKTOP-Q7TAATS IP="::1" Method=GET Path=/api/v1/category SpendTime="1 ms" status=200
time="2021-04-29 15:59:08" level=info Agent="Mozilla/5.0 (Windows NT 10.0; Win64; x64) AppleWebKit/537.36 (KHTML, like Gecko) Chrome/88.0.4324.150 Safari/537.36" DataSize=348 HostName=DESKTOP-Q7TAATS IP="::1" Method=GET Path=/api/v1/profile/1 SpendTime="1 ms" status=200
time="2021-04-29 15:59:08" level=info Agent="Mozilla/5.0 (Windows NT 10.0; Win64; x64) AppleWebKit/537.36 (KHTML, like Gecko) Chrome/88.0.4324.150 Safari/537.36" DataSize=1636 HostName=DESKTOP-Q7TAATS IP="::1" Method=GET Path="/api/v1/article?pagesize=undefined&pagenum=undefined&title=%E6%96%B0" SpendTime="6 ms" status=200
time="2021-04-29 15:59:10" level=info Agent="Mozilla/5.0 (Windows NT 10.0; Win64; x64) AppleWebKit/537.36 (KHTML, like Gecko) Chrome/88.0.4324.150 Safari/537.36" DataSize=17641 HostName=DESKTOP-Q7TAATS IP="::1" Method=GET Path="/api/v1/article?pagesize=5&pagenum=1" SpendTime="4 ms" status=200
time="2021-04-29 15:59:20" level=info Agent="Mozilla/5.0 (Windows NT 10.0; Win64; x64) AppleWebKit/537.36 (KHTML, like Gecko) Chrome/88.0.4324.150 Safari/537.36" DataSize=29 HostName=DESKTOP-Q7TAATS IP="::1" Method=DELETE Path=/api/v1/article/12 SpendTime="42 ms" status=200
time="2021-04-29 15:59:20" level=info Agent="Mozilla/5.0 (Windows NT 10.0; Win64; x64) AppleWebKit/537.36 (KHTML, like Gecko) Chrome/88.0.4324.150 Safari/537.36" DataSize=17427 HostName=DESKTOP-Q7TAATS IP="::1" Method=GET Path="/api/v1/article?title=&pagesize=5&pagenum=1" SpendTime="4 ms" status=200
time="2021-04-29 15:59:23" level=info Agent="Mozilla/5.0 (Windows NT 10.0; Win64; x64) AppleWebKit/537.36 (KHTML, like Gecko) Chrome/88.0.4324.150 Safari/537.36" DataSize=167 HostName=DESKTOP-Q7TAATS IP="::1" Method=GET Path=/api/v1/category SpendTime="2 ms" status=200
time="2021-04-29 15:59:23" level=info Agent="Mozilla/5.0 (Windows NT 10.0; Win64; x64) AppleWebKit/537.36 (KHTML, like Gecko) Chrome/88.0.4324.150 Safari/537.36" DataSize=348 HostName=DESKTOP-Q7TAATS IP="::1" Method=GET Path=/api/v1/profile/1 SpendTime="1 ms" status=200
time="2021-04-29 15:59:23" level=info Agent="Mozilla/5.0 (Windows NT 10.0; Win64; x64) AppleWebKit/537.36 (KHTML, like Gecko) Chrome/88.0.4324.150 Safari/537.36" DataSize=17427 HostName=DESKTOP-Q7TAATS IP="::1" Method=GET Path="/api/v1/article?pagesize=5&pagenum=1" SpendTime="4 ms" status=200
